# JRE version: OpenJDK Runtime Environment (8.0_152-b01) (build 1.8.0_152-release-1343-b01)
# Java VM: OpenJDK 64-Bit Server VM (25.152-b01 mixed mode windows-amd64 compressed oops)
Heap:
 PSYoungGen      total 212992K, used 19613K [0x00000000e0000000, 0x00000000efe00000, 0x0000000100000000)
  eden space 169984K, 11% used [0x00000000e0000000,0x00000000e13275a8,0x00000000ea600000)
  from space 43008K, 0% used [0x00000000ed100000,0x00000000ed100000,0x00000000efb00000)
  to   space 44032K, 0% used [0x00000000ea600000,0x00000000ea600000,0x00000000ed100000)
 ParOldGen       total 124928K, used 38576K [0x00000000a0000000, 0x00000000a7a00000, 0x00000000e0000000)
  object space 124928K, 30% used [0x00000000a0000000,0x00000000a25ac1f0,0x00000000a7a00000)
 Metaspace       used 94334K, capacity 97608K, committed 99096K, reserved 1136640K
  class space    used 11877K, capacity 12535K, committed 12840K, reserved 1048576K
GC Heap History (10 events):
Event: 4079.838 GC heap before
{Heap before GC invocations=26 (full 3):
 PSYoungGen      total 161280K, used 156322K [0x00000000e0000000, 0x00000000ebe80000, 0x0000000100000000)
  eden space 134656K, 99% used [0x00000000e0000000,0x00000000e8377e50,0x00000000e8380000)
  from space 26624K, 81% used [0x00000000e9f80000,0x00000000eb4b0aa0,0x00000000eb980000)
  to   space 28672K, 0% used [0x00000000e8380000,0x00000000e8380000,0x00000000e9f80000)
 ParOldGen       total 92672K, used 41245K [0x00000000a0000000, 0x00000000a5a80000, 0x00000000e0000000)
  object space 92672K, 44% used [0x00000000a0000000,0x00000000a2847530,0x00000000a5a80000)
 Metaspace       used 87975K, capacity 90984K, committed 91160K, reserved 1128448K
  class space    used 11122K, capacity 11750K, committed 11816K, reserved 1048576K
Event: 4080.009 GC heap after
Heap after GC invocations=26 (full 3):
 PSYoungGen      total 163328K, used 28656K [0x00000000e0000000, 0x00000000ee180000, 0x0000000100000000)
  eden space 134656K, 0% used [0x00000000e0000000,0x00000000e0000000,0x00000000e8380000)
  from space 28672K, 99% used [0x00000000e8380000,0x00000000e9f7c370,0x00000000e9f80000)
  to   space 38400K, 0% used [0x00000000ebc00000,0x00000000ebc00000,0x00000000ee180000)
 ParOldGen       total 92672K, used 57320K [0x00000000a0000000, 0x00000000a5a80000, 0x00000000e0000000)
  object space 92672K, 61% used [0x00000000a0000000,0x00000000a37fa3a0,0x00000000a5a80000)
 Metaspace       used 87975K, capacity 90984K, committed 91160K, reserved 1128448K
  class space    used 11122K, capacity 11750K, committed 11816K, reserved 1048576K
}
Event: 4084.225 GC heap before
{Heap before GC invocations=27 (full 3):
 PSYoungGen      total 163328K, used 163307K [0x00000000e0000000, 0x00000000ee180000, 0x0000000100000000)
  eden space 134656K, 99% used [0x00000000e0000000,0x00000000e837e9b8,0x00000000e8380000)
  from space 28672K, 99% used [0x00000000e8380000,0x00000000e9f7c370,0x00000000e9f80000)
  to   space 38400K, 0% used [0x00000000ebc00000,0x00000000ebc00000,0x00000000ee180000)
 ParOldGen       total 92672K, used 57320K [0x00000000a0000000, 0x00000000a5a80000, 0x00000000e0000000)
  object space 92672K, 61% used [0x00000000a0000000,0x00000000a37fa3a0,0x00000000a5a80000)
 Metaspace       used 92305K, capacity 95828K, committed 96152K, reserved 1132544K
  class space    used 11610K, capacity 12332K, committed 12456K, reserved 1048576K
Event: 4084.457 GC heap after
Heap after GC invocations=27 (full 3):
 PSYoungGen      total 188928K, used 31880K [0x00000000e0000000, 0x00000000eef80000, 0x0000000100000000)
  eden space 150528K, 0% used [0x00000000e0000000,0x00000000e0000000,0x00000000e9300000)
  from space 38400K, 83% used [0x00000000ebc00000,0x00000000edb222c8,0x00000000ee180000)
  to   space 41984K, 0% used [0x00000000e9300000,0x00000000e9300000,0x00000000ebc00000)
 ParOldGen       total 92672K, used 57328K [0x00000000a0000000, 0x00000000a5a80000, 0x00000000e0000000)
  object space 92672K, 61% used [0x00000000a0000000,0x00000000a37fc3a0,0x00000000a5a80000)
 Metaspace       used 92305K, capacity 95828K, committed 96152K, reserved 1132544K
  class space    used 11610K, capacity 12332K, committed 12456K, reserved 1048576K
}
Event: 4091.552 GC heap before
{Heap before GC invocations=28 (full 3):
 PSYoungGen      total 188928K, used 182408K [0x00000000e0000000, 0x00000000eef80000, 0x0000000100000000)
  eden space 150528K, 100% used [0x00000000e0000000,0x00000000e9300000,0x00000000e9300000)
  from space 38400K, 83% used [0x00000000ebc00000,0x00000000edb222c8,0x00000000ee180000)
  to   space 41984K, 0% used [0x00000000e9300000,0x00000000e9300000,0x00000000ebc00000)
 ParOldGen       total 92672K, used 57328K [0x00000000a0000000, 0x00000000a5a80000, 0x00000000e0000000)
  object space 92672K, 61% used [0x00000000a0000000,0x00000000a37fc3a0,0x00000000a5a80000)
 Metaspace       used 93562K, capacity 97138K, committed 97304K, reserved 1134592K
  class space    used 11770K, capacity 12521K, committed 12584K, reserved 1048576K
Event: 4091.618 GC heap after
Heap after GC invocations=28 (full 3):
 PSYoungGen      total 192512K, used 27542K [0x00000000e0000000, 0x00000000efb00000, 0x0000000100000000)
  eden space 150528K, 0% used [0x00000000e0000000,0x00000000e0000000,0x00000000e9300000)
  from space 41984K, 65% used [0x00000000e9300000,0x00000000eade5af8,0x00000000ebc00000)
  to   space 43008K, 0% used [0x00000000ed100000,0x00000000ed100000,0x00000000efb00000)
 ParOldGen       total 92672K, used 57336K [0x00000000a0000000, 0x00000000a5a80000, 0x00000000e0000000)
  object space 92672K, 61% used [0x00000000a0000000,0x00000000a37fe3a0,0x00000000a5a80000)
 Metaspace       used 93562K, capacity 97138K, committed 97304K, reserved 1134592K
  class space    used 11770K, capacity 12521K, committed 12584K, reserved 1048576K
}
Event: 4099.373 GC heap before
{Heap before GC invocations=29 (full 3):
 PSYoungGen      total 192512K, used 103452K [0x00000000e0000000, 0x00000000efb00000, 0x0000000100000000)
  eden space 150528K, 50% used [0x00000000e0000000,0x00000000e4a216d8,0x00000000e9300000)
  from space 41984K, 65% used [0x00000000e9300000,0x00000000eade5af8,0x00000000ebc00000)
  to   space 43008K, 0% used [0x00000000ed100000,0x00000000ed100000,0x00000000efb00000)
 ParOldGen       total 92672K, used 57336K [0x00000000a0000000, 0x00000000a5a80000, 0x00000000e0000000)
  object space 92672K, 61% used [0x00000000a0000000,0x00000000a37fe3a0,0x00000000a5a80000)
 Metaspace       used 94749K, capacity 98432K, committed 98600K, reserved 1134592K
  class space    used 11948K, capacity 12684K, committed 12712K, reserved 1048576K
Event: 4099.584 GC heap after
Heap after GC invocations=29 (full 3):
 PSYoungGen      total 212992K, used 27829K [0x00000000e0000000, 0x00000000efe00000, 0x0000000100000000)
  eden space 169984K, 0% used [0x00000000e0000000,0x00000000e0000000,0x00000000ea600000)
  from space 43008K, 64% used [0x00000000ed100000,0x00000000eec2d670,0x00000000efb00000)
  to   space 44032K, 0% used [0x00000000ea600000,0x00000000ea600000,0x00000000ed100000)
 ParOldGen       total 92672K, used 57344K [0x00000000a0000000, 0x00000000a5a80000, 0x00000000e0000000)
  object space 92672K, 61% used [0x00000000a0000000,0x00000000a38003a0,0x00000000a5a80000)
 Metaspace       used 94749K, capacity 98432K, committed 98600K, reserved 1134592K
  class space    used 11948K, capacity 12684K, committed 12712K, reserved 1048576K
}
Event: 4099.584 GC heap before
{Heap before GC invocations=30 (full 4):
 PSYoungGen      total 212992K, used 27829K [0x00000000e0000000, 0x00000000efe00000, 0x0000000100000000)
  eden space 169984K, 0% used [0x00000000e0000000,0x00000000e0000000,0x00000000ea600000)
  from space 43008K, 64% used [0x00000000ed100000,0x00000000eec2d670,0x00000000efb00000)
  to   space 44032K, 0% used [0x00000000ea600000,0x00000000ea600000,0x00000000ed100000)
 ParOldGen       total 92672K, used 57344K [0x00000000a0000000, 0x00000000a5a80000, 0x00000000e0000000)
  object space 92672K, 61% used [0x00000000a0000000,0x00000000a38003a0,0x00000000a5a80000)
 Metaspace       used 94749K, capacity 98432K, committed 98600K, reserved 1134592K
  class space    used 11948K, capacity 12684K, committed 12712K, reserved 1048576K
Event: 4119.591 GC heap after
Heap after GC invocations=30 (full 4):
 PSYoungGen      total 212992K, used 0K [0x00000000e0000000, 0x00000000efe00000, 0x0000000100000000)
  eden space 169984K, 0% used [0x00000000e0000000,0x00000000e0000000,0x00000000ea600000)
  from space 43008K, 0% used [0x00000000ed100000,0x00000000ed100000,0x00000000efb00000)
  to   space 44032K, 0% used [0x00000000ea600000,0x00000000ea600000,0x00000000ed100000)
 ParOldGen       total 124928K, used 38576K [0x00000000a0000000, 0x00000000a7a00000, 0x00000000e0000000)
  object space 124928K, 30% used [0x00000000a0000000,0x00000000a25ac1f0,0x00000000a7a00000)
 Metaspace       used 93785K, capacity 96778K, committed 98600K, reserved 1134592K
  class space    used 11772K, capacity 12368K, committed 12712K, reserved 1048576K
}

